Warning: You're using Rubygems 2.0.3 with Spring. Upgrade to at least Rubygems 2.1.0 and run `gem pristine --all` for better startup performance.
[2015-11-22 03:26:23] INFO  WEBrick 1.3.1
[2015-11-22 03:26:23] INFO  ruby 2.0.0 (2013-06-27) [i686-linux]
[2015-11-22 03:26:23] INFO  WEBrick::HTTPServer#start: pid=8533 port=81
=> Booting WEBrick
=> Rails 4.1.1 application starting in development on http://0.0.0.0:81
=> Run `rails server -h` for more startup options
=> Notice: server is listening on all interfaces (0.0.0.0). Consider using 127.0.0.1 (--binding option)
=> Ctrl-C to shutdown server


Started POST "/games" for 127.0.0.1 at 2015-11-22 03:27:00 +0900

ActionController::RoutingError (No route matches [POST] "/games"):
  actionpack (4.1.1) lib/action_dispatch/middleware/debug_exceptions.rb:21:in `call'
  actionpack (4.1.1) lib/action_dispatch/middleware/show_exceptions.rb:30:in `call'
  railties (4.1.1) lib/rails/rack/logger.rb:38:in `call_app'
  railties (4.1.1) lib/rails/rack/logger.rb:20:in `block in call'
  activesupport (4.1.1) lib/active_support/tagged_logging.rb:68:in `block in tagged'
  activesupport (4.1.1) lib/active_support/tagged_logging.rb:26:in `tagged'
  activesupport (4.1.1) lib/active_support/tagged_logging.rb:68:in `tagged'
  railties (4.1.1) lib/rails/rack/logger.rb:20:in `call'
  actionpack (4.1.1) lib/action_dispatch/middleware/request_id.rb:21:in `call'
  rack (1.5.5) lib/rack/methodoverride.rb:21:in `call'
  rack (1.5.5) lib/rack/runtime.rb:17:in `call'
  activesupport (4.1.1) lib/active_support/cache/strategy/local_cache_middleware.rb:26:in `call'
  rack (1.5.5) lib/rack/lock.rb:17:in `call'
  actionpack (4.1.1) lib/action_dispatch/middleware/static.rb:64:in `call'
  rack (1.5.5) lib/rack/sendfile.rb:112:in `call'
  railties (4.1.1) lib/rails/engine.rb:514:in `call'
  railties (4.1.1) lib/rails/application.rb:144:in `call'
  rack (1.5.5) lib/rack/lock.rb:17:in `call'
  rack (1.5.5) lib/rack/content_length.rb:14:in `call'
  rack (1.5.5) lib/rack/handler/webrick.rb:60:in `service'
  /usr/local/rvm/rubies/ruby-2.0.0-p247/lib/ruby/2.0.0/webrick/httpserver.rb:138:in `service'
  /usr/local/rvm/rubies/ruby-2.0.0-p247/lib/ruby/2.0.0/webrick/httpserver.rb:94:in `run'
  /usr/local/rvm/rubies/ruby-2.0.0-p247/lib/ruby/2.0.0/webrick/server.rb:295:in `block in start_thread'


  Rendered /usr/local/rvm/gems/ruby-2.0.0-p247/gems/actionpack-4.1.1/lib/action_dispatch/middleware/templates/rescues/_trace.html.erb (1.2ms)
  Rendered /usr/local/rvm/gems/ruby-2.0.0-p247/gems/actionpack-4.1.1/lib/action_dispatch/middleware/templates/routes/_route.html.erb (0.7ms)
  Rendered /usr/local/rvm/gems/ruby-2.0.0-p247/gems/actionpack-4.1.1/lib/action_dispatch/middleware/templates/routes/_table.html.erb (5.6ms)
  Rendered /usr/local/rvm/gems/ruby-2.0.0-p247/gems/actionpack-4.1.1/lib/action_dispatch/middleware/templates/rescues/routing_error.html.erb within rescues/layout (24.0ms)


Started POST "/game" for 127.0.0.1 at 2015-11-22 03:27:27 +0900
Processing by GameController#new as */*
  Parameters: {"{\"to_id\":\"\"}"=>nil}
Completed 200 OK in 24ms (Views: 0.2ms | ActiveRecord: 0.0ms)


Started POST "/games" for 127.0.0.1 at 2015-11-22 03:30:58 +0900

ActionController::RoutingError (No route matches [POST] "/games"):
  actionpack (4.1.1) lib/action_dispatch/middleware/debug_exceptions.rb:21:in `call'
  actionpack (4.1.1) lib/action_dispatch/middleware/show_exceptions.rb:30:in `call'
  railties (4.1.1) lib/rails/rack/logger.rb:38:in `call_app'
  railties (4.1.1) lib/rails/rack/logger.rb:20:in `block in call'
  activesupport (4.1.1) lib/active_support/tagged_logging.rb:68:in `block in tagged'
  activesupport (4.1.1) lib/active_support/tagged_logging.rb:26:in `tagged'
  activesupport (4.1.1) lib/active_support/tagged_logging.rb:68:in `tagged'
  railties (4.1.1) lib/rails/rack/logger.rb:20:in `call'
  actionpack (4.1.1) lib/action_dispatch/middleware/request_id.rb:21:in `call'
  rack (1.5.5) lib/rack/methodoverride.rb:21:in `call'
  rack (1.5.5) lib/rack/runtime.rb:17:in `call'
  activesupport (4.1.1) lib/active_support/cache/strategy/local_cache_middleware.rb:26:in `call'
  rack (1.5.5) lib/rack/lock.rb:17:in `call'
  actionpack (4.1.1) lib/action_dispatch/middleware/static.rb:64:in `call'
  rack (1.5.5) lib/rack/sendfile.rb:112:in `call'
  railties (4.1.1) lib/rails/engine.rb:514:in `call'
  railties (4.1.1) lib/rails/application.rb:144:in `call'
  rack (1.5.5) lib/rack/lock.rb:17:in `call'
  rack (1.5.5) lib/rack/content_length.rb:14:in `call'
  rack (1.5.5) lib/rack/handler/webrick.rb:60:in `service'
  /usr/local/rvm/rubies/ruby-2.0.0-p247/lib/ruby/2.0.0/webrick/httpserver.rb:138:in `service'
  /usr/local/rvm/rubies/ruby-2.0.0-p247/lib/ruby/2.0.0/webrick/httpserver.rb:94:in `run'
  /usr/local/rvm/rubies/ruby-2.0.0-p247/lib/ruby/2.0.0/webrick/server.rb:295:in `block in start_thread'


  Rendered /usr/local/rvm/gems/ruby-2.0.0-p247/gems/actionpack-4.1.1/lib/action_dispatch/middleware/templates/rescues/_trace.html.erb (1.3ms)
  Rendered /usr/local/rvm/gems/ruby-2.0.0-p247/gems/actionpack-4.1.1/lib/action_dispatch/middleware/templates/routes/_route.html.erb (0.8ms)
  Rendered /usr/local/rvm/gems/ruby-2.0.0-p247/gems/actionpack-4.1.1/lib/action_dispatch/middleware/templates/routes/_table.html.erb (1.3ms)
  Rendered /usr/local/rvm/gems/ruby-2.0.0-p247/gems/actionpack-4.1.1/lib/action_dispatch/middleware/templates/rescues/routing_error.html.erb within rescues/layout (17.8ms)


Started POST "/game" for 127.0.0.1 at 2015-11-22 03:31:13 +0900
Processing by GameController#new as */*
  Parameters: {"{\"to_id\":\"pW-zBCGChoAeiWM3T3Nm\"}"=>nil}
Completed 200 OK in 3ms (Views: 0.2ms | ActiveRecord: 0.0ms)


Started POST "/game" for 127.0.0.1 at 2015-11-22 03:32:06 +0900
Processing by GameController#new as */*
  Parameters: {"{\"id_to\":\"pW-zBCGChoAeiWM3T3Nm\"}"=>nil}
Completed 200 OK in 1ms (Views: 0.1ms | ActiveRecord: 0.0ms)


Started POST "/game" for 127.0.0.1 at 2015-11-22 03:35:44 +0900
Processing by GameController#new as */*
  Parameters: {"{\"id_to\":ySZov4myD0m4nORjAAAA\"}"=>nil}
Completed 500 Internal Server Error in 0ms

JSON::ParserError (757: unexpected token at '{"id_to":ySZov4myD0m4nORjAAAA"}'):
  app/controllers/game_controller.rb:5:in `new'


  Rendered /usr/local/rvm/gems/ruby-2.0.0-p247/gems/actionpack-4.1.1/lib/action_dispatch/middleware/templates/rescues/_source.erb (0.8ms)
  Rendered /usr/local/rvm/gems/ruby-2.0.0-p247/gems/actionpack-4.1.1/lib/action_dispatch/middleware/templates/rescues/_trace.html.erb (1.3ms)
  Rendered /usr/local/rvm/gems/ruby-2.0.0-p247/gems/actionpack-4.1.1/lib/action_dispatch/middleware/templates/rescues/_request_and_response.html.erb (1.1ms)
  Rendered /usr/local/rvm/gems/ruby-2.0.0-p247/gems/actionpack-4.1.1/lib/action_dispatch/middleware/templates/rescues/diagnostics.erb within rescues/layout (17.8ms)


Started POST "/game" for 127.0.0.1 at 2015-11-22 03:35:57 +0900
Processing by GameController#new as */*
  Parameters: {"{\"to_id\":ySZov4myD0m4nORjAAAA\"}"=>nil}
Completed 500 Internal Server Error in 1ms

JSON::ParserError (757: unexpected token at '{"to_id":ySZov4myD0m4nORjAAAA"}'):
  app/controllers/game_controller.rb:5:in `new'


  Rendered /usr/local/rvm/gems/ruby-2.0.0-p247/gems/actionpack-4.1.1/lib/action_dispatch/middleware/templates/rescues/_source.erb (0.7ms)
  Rendered /usr/local/rvm/gems/ruby-2.0.0-p247/gems/actionpack-4.1.1/lib/action_dispatch/middleware/templates/rescues/_trace.html.erb (1.3ms)
  Rendered /usr/local/rvm/gems/ruby-2.0.0-p247/gems/actionpack-4.1.1/lib/action_dispatch/middleware/templates/rescues/_request_and_response.html.erb (1.0ms)
  Rendered /usr/local/rvm/gems/ruby-2.0.0-p247/gems/actionpack-4.1.1/lib/action_dispatch/middleware/templates/rescues/diagnostics.erb within rescues/layout (17.2ms)


Started POST "/game" for 127.0.0.1 at 2015-11-22 03:36:09 +0900
Processing by GameController#new as */*
  Parameters: {"{\"to_id\":ySZov4myD0m4nORjAAAA\"}"=>nil}
Completed 500 Internal Server Error in 0ms

JSON::ParserError (757: unexpected token at '{"to_id":ySZov4myD0m4nORjAAAA"}'):
  app/controllers/game_controller.rb:5:in `new'


  Rendered /usr/local/rvm/gems/ruby-2.0.0-p247/gems/actionpack-4.1.1/lib/action_dispatch/middleware/templates/rescues/_source.erb (0.8ms)
  Rendered /usr/local/rvm/gems/ruby-2.0.0-p247/gems/actionpack-4.1.1/lib/action_dispatch/middleware/templates/rescues/_trace.html.erb (1.3ms)
  Rendered /usr/local/rvm/gems/ruby-2.0.0-p247/gems/actionpack-4.1.1/lib/action_dispatch/middleware/templates/rescues/_request_and_response.html.erb (1.0ms)
